Atendiendo a ALBANIA en la posicion (5, 5)
ALBANIA intentando moverse
ALBANIA se movio a: (4, 5)
Atendiendo a ALBANIA en la posicion (5, 5)
ALBANIA intentando moverse
ALBANIA se movio a: (4, 5)
Atendiendo a ALBANIA en la posicion (5, 5)
ALBANIA intentando moverse
ALBANIA se movio a: (4, 5)
Atendiendo a ALBANIA en la posicion (5, 5)
ALBANIA intentando moverse
ALBANIA se movio a: (4, 5)
Atendiendo a ALBANIA en la posicion (5, 5)
ALBANIA intentando moverse
ALBANIA se movio a: (4, 5)
Atendiendo a ALBANIA en la posicion (5, 5)
ALBANIA intentando moverse
ALBANIA se movio a: (5, 5)
Atendiendo a ALBANIA en la posicion (5, 5)
ALBANIA intentando moverse
ALBANIA se movio a: (5, 5)
Atendiendo a ALBANIA en la posicion (5, 5)
ALBANIA intentando moverse
ALBANIA se movio a: (5, 5)
Atendiendo a ALBANIA en la posicion (5, 5)
ALBANIA intentando moverse
ALBANIA se movio a: (5, 5)
Atendiendo a ALBANIA en la posicion (5, 5)
ALBANIA intentando moverse
ALBANIA se movio a: (5, 5)
Atendiendo a ALBANIA en la posicion (5, 5)
ALBANIA intentando moverse
ALBANIA se movio a: (5, 5)
Atendiendo a ALBANIA en la posicion (5, 5)
ALBANIA intentando moverse
ALBANIA se movio a: (5, 5)
Atendiendo a ALBANIA en la posicion (5, 5)
ALBANIA intentando moverse
ALBANIA se movio a: (5, 5)
Atendiendo a ALBANIA en la posicion (5, 5)
ALBANIA intentando moverse
ALBANIA se movio a: (5, 5)
Atendiendo a ALBANIA en la posicion (5, 5)
ALBANIA intentando moverse
ALBANIA se movio a: (5, 5)
Atendiendo a ALBANIA en la posicion (5, 5)
ALBANIA intentando moverse
ALBANIA se movio a: (5, 5)
Atendiendo a ALBANIA en la posicion (5, 5)
ALBANIA intentando moverse
ALBANIA se movio a: (5, 5)
Atendiendo a ALBANIA en la posicion (5, 5)
ALBANIA intentando moverse
ALBANIA se movio a: (5, 5)
Atendiendo a ALBANIA en la posicion (5, 5)
ALBANIA intentando moverse
ALBANIA se movio a: (5, 5)
Atendiendo a ALBANIA en la posicion (5, 5)
ALBANIA intentando moverse
ALBANIA se movio a: (5, 5)
Atendiendo a ALBANIA en la posicion (5, 5)
ALBANIA intentando moverse
ALBANIA se movio a: (5, 5)
Atendiendo a ALBANIA en la posicion (5, 5)
Atendiendo a ALBANIA en la posicion (5, 5)
ALBANIA intentando moverse
ALBANIA se movio a: (5, 5)
ALBANIA intentando moverse
ALBANIA se movio a: (5, 5)
Atendiendo a ALBANIA en la posicion (5, 5)
ALBANIA intentando moverse
ALBANIA se movio a: (5, 5)
Atendiendo a ALBANIA en la posicion (5, 5)
ALBANIA intentando moverse
ALBANIA se movio a: (5, 5)
Atendiendo a ALBANIA en la posicion (5, 5)
ALBANIA intentando moverse
ALBANIA se movio a: (5, 5)
Atendiendo a ALBANIA en la posicion (5, 5)
Atendiendo a ALBANIA en la posicion (5, 5)
ALBANIA intentando moverse
ALBANIA se movio a: (5, 5)
ALBANIA intentando moverse
ALBANIA se movio a: (5, 5)
Atendiendo a ALBANIA en la posicion (5, 5)
Atendiendo a ALBANIA en la posicion (5, 5)
ALBANIA intentando moverse
ALBANIA se movio a: (5, 5)
ALBANIA intentando moverse
ALBANIA se movio a: (5, 5)
ALBANIA intentando moverse
ALBANIA se movio a: (3, 5)
ALBANIA intentando moverse
ALBANIA se movio a: (3, 5)
ALBANIA intentando moverse
ALBANIA se movio a: (3, 5)
ALBANIA intentando moverse
ALBANIA se movio a: (3, 5)
ALBANIA intentando moverse
ALBANIA se movio a: (3, 5)
ALBANIA intentando moverse
ALBANIA se movio a: (4, 5)
ALBANIA intentando moverse
ALBANIA se movio a: (4, 5)
ALBANIA intentando moverse
ALBANIA se movio a: (4, 5)
ALBANIA intentando moverse
ALBANIA se movio a: (4, 5)
ALBANIA intentando moverse
ALBANIA se movio a: (4, 5)
ALBANIA intentando moverse
ALBANIA se movio a: (5, 5)
ALBANIA intentando moverse
ALBANIA se movio a: (5, 5)
ALBANIA intentando moverse
ALBANIA se movio a: (5, 5)
ALBANIA intentando moverse
ALBANIA se movio a: (5, 5)
ALBANIA intentando moverse
ALBANIA se movio a: (5, 5)
ALBANIA intentando moverse
ALBANIA se movio a: (5, 5)
ALBANIA intentando moverse
ALBANIA se movio a: (5, 5)
ALBANIA intentando moverse
ALBANIA se movio a: (5, 5)
ALBANIA intentando moverse
ALBANIA se movio a: (5, 5)
ALBANIA intentando moverse
ALBANIA se movio a: (5, 5)
ALBANIA intentando moverse
ALBANIA se movio a: (5, 5)
ALBANIA intentando moverse
ALBANIA se movio a: (5, 5)
ALBANIA intentando moverse
ALBANIA se movio a: (5, 5)
ALBANIA intentando moverse
ALBANIA se movio a: (5, 5)
ALBANIA intentando moverse
ALBANIA se movio a: (5, 5)
ALBANIA intentando moverse
ALBANIA se movio a: (5, 5)
ALBANIA intentando moverse
ALBANIA se movio a: (5, 5)
ALBANIA intentando moverse
ALBANIA se movio a: (5, 5)
ALBANIA intentando moverse
ALBANIA se movio a: (5, 5)
ALBANIA intentando moverse
ALBANIA se movio a: (5, 5)
ALBANIA intentando moverse
ALBANIA se movio a: (2, 5)
ALBANIA intentando moverse
ALBANIA se movio a: (2, 5)
ALBANIA intentando moverse
ALBANIA se movio a: (2, 5)
ALBANIA intentando moverse
ALBANIA se movio a: (2, 5)
ALBANIA intentando moverse
ALBANIA se movio a: (2, 5)
ALBANIA intentando moverse
ALBANIA se movio a: (3, 5)
ALBANIA intentando moverse
ALBANIA se movio a: (3, 5)
ALBANIA intentando moverse
ALBANIA se movio a: (3, 5)
ALBANIA intentando moverse
ALBANIA se movio a: (3, 5)
ALBANIA intentando moverse
ALBANIA se movio a: (3, 5)
ALBANIA intentando moverse
ALBANIA se movio a: (4, 5)
ALBANIA intentando moverse
ALBANIA se movio a: (4, 5)
ALBANIA intentando moverse
ALBANIA se movio a: (4, 5)
ALBANIA intentando moverse
ALBANIA se movio a: (4, 5)
ALBANIA intentando moverse
ALBANIA se movio a: (4, 5)
ALBANIA intentando moverse
ALBANIA se movio a: (5, 5)
ALBANIA intentando moverse
ALBANIA se movio a: (5, 5)
ALBANIA intentando moverse
ALBANIA se movio a: (5, 5)
ALBANIA intentando moverse
ALBANIA se movio a: (5, 5)
ALBANIA intentando moverse
ALBANIA se movio a: (5, 5)
ALBANIA intentando moverse
ALBANIA se movio a: (5, 5)
ALBANIA intentando moverse
ALBANIA se movio a: (5, 5)
ALBANIA intentando moverse
ALBANIA se movio a: (5, 5)
ALBANIA intentando moverse
ALBANIA se movio a: (5, 5)
ALBANIA intentando moverse
ALBANIA se movio a: (5, 5)
ALBANIA intentando moverse
ALBANIA se movio a: (5, 5)
ALBANIA intentando moverse
ALBANIA se movio a: (5, 5)
ALBANIA intentando moverse
ALBANIA se movio a: (5, 5)
ALBANIA intentando moverse
ALBANIA se movio a: (5, 5)
ALBANIA intentando moverse
ALBANIA se movio a: (5, 5)
ALBANIA intentando moverse
ALBANIA se movio a: (1, 5)
ALBANIA intentando moverse
ALBANIA se movio a: (1, 5)
ALBANIA intentando moverse
ALBANIA se movio a: (1, 5)
ALBANIA intentando moverse
ALBANIA se movio a: (1, 5)
ALBANIA intentando moverse
ALBANIA se movio a: (2, 5)
ALBANIA intentando moverse
ALBANIA se movio a: (1, 5)
ALBANIA intentando moverse
ALBANIA se movio a: (2, 5)
ALBANIA intentando moverse
ALBANIA se movio a: (2, 5)
ALBANIA intentando moverse
ALBANIA se movio a: (2, 5)
ALBANIA intentando moverse
ALBANIA se movio a: (2, 5)
ALBANIA intentando moverse
ALBANIA se movio a: (3, 5)
ALBANIA intentando moverse
ALBANIA se movio a: (3, 5)
ALBANIA intentando moverse
ALBANIA se movio a: (3, 5)
ALBANIA intentando moverse
ALBANIA se movio a: (3, 5)
ALBANIA intentando moverse
ALBANIA se movio a: (4, 5)
ALBANIA intentando moverse
ALBANIA se movio a: (3, 5)
ALBANIA intentando moverse
ALBANIA se movio a: (4, 5)
ALBANIA intentando moverse
ALBANIA se movio a: (4, 5)
ALBANIA intentando moverse
ALBANIA se movio a: (4, 5)
ALBANIA intentando moverse
ALBANIA se movio a: (4, 5)
ALBANIA intentando moverse
ALBANIA se movio a: (5, 5)
ALBANIA intentando moverse
ALBANIA se movio a: (5, 5)
ALBANIA intentando moverse
ALBANIA se movio a: (5, 5)
ALBANIA intentando moverse
ALBANIA se movio a: (5, 5)
ALBANIA intentando moverse
ALBANIA se movio a: (5, 5)
ALBANIA intentando moverse
ALBANIA se movio a: (5, 5)
ALBANIA intentando moverse
ALBANIA se movio a: (5, 5)
ALBANIA intentando moverse
ALBANIA se movio a: (5, 5)
ALBANIA intentando moverse
ALBANIA se movio a: (5, 5)
ALBANIA intentando moverse
ALBANIA se movio a: (5, 5)
ALBANIA intentando moverse
ALBANIA se movio a: (0, 5)
ALBANIA intentando moverse
ALBANIA se movio a: (0, 5)
ALBANIA intentando moverse
ALBANIA se movio a: (0, 5)
ALBANIA intentando moverse
ALBANIA se movio a: (0, 5)
ALBANIA intentando moverse
ALBANIA se movio a: (1, 5)
ALBANIA intentando moverse
ALBANIA se movio a: (0, 5)
ALBANIA intentando moverse
ALBANIA se movio a: (1, 5)
ALBANIA intentando moverse
ALBANIA se movio a: (1, 5)
ALBANIA intentando moverse
ALBANIA se movio a: (1, 5)
ALBANIA intentando moverse
ALBANIA intentando moverse
ALBANIA se movio a: (2, 5)
ALBANIA se movio a: (1, 5)
ALBANIA intentando moverse
ALBANIA se movio a: (2, 5)
ALBANIA intentando moverse
ALBANIA se movio a: (2, 5)
ALBANIA intentando moverse
ALBANIA se movio a: (2, 5)
ALBANIA intentando moverse
ALBANIA se movio a: (3, 5)
ALBANIA intentando moverse
ALBANIA se movio a: (2, 5)
ALBANIA intentando moverse
ALBANIA se movio a: (3, 5)
ALBANIA intentando moverse
ALBANIA se movio a: (3, 5)
ALBANIA intentando moverse
ALBANIA se movio a: (3, 5)
ALBANIA intentando moverse
ALBANIA se movio a: (3, 5)
ALBANIA intentando moverse
ALBANIA se movio a: (4, 5)
ALBANIA intentando moverse
ALBANIA intentando moverse
ALBANIA se movio a: (4, 5)
ALBANIA se movio a: (4, 5)
ALBANIA intentando moverse
ALBANIA se movio a: (4, 5)
ALBANIA intentando moverse
ALBANIA se movio a: (4, 5)
ALBANIA intentando moverse
ALBANIA se movio a: (5, 5)
ALBANIA intentando moverse
ALBANIA se movio a: (5, 5)
ALBANIA intentando moverse
ALBANIA se movio a: (5, 5)
ALBANIA intentando moverse
ALBANIA se movio a: (5, 5)
ALBANIA intentando moverse
ALBANIA se movio a: (5, 5)
ALBANIA intentando moverse
ALBANIA se movio a: (0, 4)
ALBANIA intentando moverse
ALBANIA se movio a: (0, 4)
ALBANIA intentando moverse
ALBANIA se movio a: (0, 4)
ALBANIA intentando moverse
ALBANIA se movio a: (0, 4)
ALBANIA intentando moverse
ALBANIA se movio a: (0, 5)
ALBANIA intentando moverse
ALBANIA se movio a: (0, 4)
ALBANIA intentando moverse
ALBANIA se movio a: (0, 5)
ALBANIA intentando moverse
ALBANIA se movio a: (0, 5)
ALBANIA intentando moverse
ALBANIA se movio a: (0, 5)
ALBANIA intentando moverse
ALBANIA se movio a: (1, 5)
ALBANIA intentando moverse
ALBANIA se movio a: (0, 5)
ALBANIA intentando moverse
ALBANIA se movio a: (1, 5)
ALBANIA intentando moverse
ALBANIA se movio a: (1, 5)
ALBANIA intentando moverse
ALBANIA se movio a: (1, 5)
ALBANIA intentando moverse
ALBANIA se movio a: (2, 5)
ALBANIA intentando moverse
ALBANIA se movio a: (1, 5)
ALBANIA intentando moverse
ALBANIA se movio a: (2, 5)
ALBANIA intentando moverse
ALBANIA se movio a: (2, 5)
ALBANIA intentando moverse
ALBANIA se movio a: (2, 5)
ALBANIA intentando moverse
ALBANIA se movio a: (2, 5)
ALBANIA intentando moverse
ALBANIA se movio a: (3, 5)
ALBANIA intentando moverse
ALBANIA se movio a: (3, 5)
ALBANIA intentando moverse
ALBANIA intentando moverse
ALBANIA se movio a: (3, 5)
ALBANIA se movio a: (3, 5)
ALBANIA intentando moverse
ALBANIA se movio a: (3, 5)
ALBANIA intentando moverse
ALBANIA se movio a: (4, 5)
ALBANIA intentando moverse
ALBANIA se movio a: (4, 5)
ALBANIA intentando moverse
ALBANIA se movio a: (4, 5)
ALBANIA intentando moverse
ALBANIA se movio a: (4, 5)
ALBANIA intentando moverse
ALBANIA se movio a: (4, 5)
ALBANIA intentando moverse
ALBANIA se movio a: (0, 3)
ALBANIA intentando moverse
ALBANIA se movio a: (0, 3)
ALBANIA intentando moverse
ALBANIA se movio a: (0, 3)
ALBANIA intentando moverse
ALBANIA se movio a: (0, 3)
ALBANIA intentando moverse
ALBANIA se movio a: (0, 4)
ALBANIA intentando moverse
ALBANIA se movio a: (0, 3)
ALBANIA intentando moverse
ALBANIA se movio a: (0, 4)
ALBANIA intentando moverse
ALBANIA se movio a: (0, 4)
ALBANIA intentando moverse
ALBANIA se movio a: (0, 4)
ALBANIA intentando moverse
ALBANIA se movio a: (0, 5)
ALBANIA intentando moverse
ALBANIA se movio a: (0, 4)
ALBANIA intentando moverse
ALBANIA se movio a: (0, 5)
ALBANIA intentando moverse
ALBANIA se movio a: (0, 5)
ALBANIA intentando moverse
ALBANIA se movio a: (0, 5)
ALBANIA intentando moverse
ALBANIA se movio a: (1, 5)
ALBANIA intentando moverse
ALBANIA se movio a: (0, 5)
ALBANIA intentando moverse
ALBANIA se movio a: (1, 5)
ALBANIA intentando moverse
ALBANIA se movio a: (1, 5)
ALBANIA intentando moverse
ALBANIA se movio a: (1, 5)
ALBANIA intentando moverse
ALBANIA se movio a: (1, 5)
ALBANIA intentando moverse
ALBANIA se movio a: (2, 5)
ALBANIA intentando moverse
ALBANIA se movio a: (2, 5)
ALBANIA intentando moverse
ALBANIA se movio a: (2, 5)
ALBANIA intentando moverse
ALBANIA se movio a: (2, 5)
ALBANIA intentando moverse
ALBANIA se movio a: (2, 5)
ALBANIA intentando moverse
ALBANIA se movio a: (3, 5)
ALBANIA intentando moverse
ALBANIA se movio a: (3, 5)
ALBANIA intentando moverse
ALBANIA se movio a: (3, 5)
ALBANIA intentando moverse
ALBANIA se movio a: (3, 5)
ALBANIA intentando moverse
ALBANIA se movio a: (3, 5)
ALBANIA intentando moverse
ALBANIA se movio a: (0, 2)
ALBANIA intentando moverse
ALBANIA se movio a: (0, 2)
ALBANIA intentando moverse
ALBANIA se movio a: (0, 2)
ALBANIA intentando moverse
ALBANIA se movio a: (0, 2)
ALBANIA intentando moverse
ALBANIA se movio a: (0, 3)
ALBANIA intentando moverse
ALBANIA se movio a: (0, 2)
ALBANIA intentando moverse
ALBANIA se movio a: (0, 3)
ALBANIA intentando moverse
ALBANIA se movio a: (0, 3)
ALBANIA intentando moverse
ALBANIA se movio a: (0, 3)
ALBANIA intentando moverse
ALBANIA intentando moverse
ALBANIA se movio a: (0, 3)
ALBANIA se movio a: (0, 4)
ALBANIA intentando moverse
ALBANIA se movio a: (0, 4)
ALBANIA intentando moverse
ALBANIA se movio a: (0, 4)
ALBANIA intentando moverse
ALBANIA se movio a: (0, 4)
ALBANIA intentando moverse
ALBANIA se movio a: (0, 5)
ALBANIA intentando moverse
ALBANIA se movio a: (0, 4)
ALBANIA intentando moverse
ALBANIA se movio a: (0, 5)
ALBANIA intentando moverse
ALBANIA se movio a: (0, 5)
ALBANIA intentando moverse
ALBANIA se movio a: (0, 5)
ALBANIA intentando moverse
ALBANIA se movio a: (0, 5)
ALBANIA intentando moverse
ALBANIA se movio a: (1, 5)
ALBANIA intentando moverse
ALBANIA se movio a: (1, 5)
ALBANIA intentando moverse
ALBANIA se movio a: (1, 5)
ALBANIA intentando moverse
ALBANIA se movio a: (1, 5)
ALBANIA intentando moverse
ALBANIA se movio a: (1, 5)
ALBANIA intentando moverse
ALBANIA intentando moverse
ALBANIA se movio a: (2, 5)
ALBANIA se movio a: (2, 5)
ALBANIA intentando moverse
ALBANIA se movio a: (2, 5)
ALBANIA intentando moverse
ALBANIA se movio a: (2, 5)
ALBANIA intentando moverse
ALBANIA se movio a: (2, 5)
ALBANIA intentando moverse
ALBANIA se movio a: (0, 1)
ALBANIA intentando moverse
ALBANIA se movio a: (0, 1)
ALBANIA intentando moverse
ALBANIA se movio a: (0, 1)
ALBANIA intentando moverse
ALBANIA se movio a: (0, 1)
ALBANIA intentando moverse
ALBANIA se movio a: (0, 2)
ALBANIA intentando moverse
ALBANIA se movio a: (0, 1)
ALBANIA intentando moverse
ALBANIA se movio a: (0, 2)
ALBANIA intentando moverse
ALBANIA se movio a: (0, 2)
ALBANIA intentando moverse
ALBANIA se movio a: (0, 2)
ALBANIA intentando moverse
ALBANIA se movio a: (0, 2)
ALBANIA intentando moverse
ALBANIA se movio a: (0, 3)
ALBANIA intentando moverse
ALBANIA se movio a: (0, 3)
ALBANIA intentando moverse
ALBANIA se movio a: (0, 3)
ALBANIA intentando moverse
ALBANIA se movio a: (0, 4)
ALBANIA intentando moverse
ALBANIA se movio a: (0, 3)
ALBANIA intentando moverse
ALBANIA se movio a: (0, 3)
ALBANIA intentando moverse
ALBANIA se movio a: (0, 4)
ALBANIA intentando moverse
ALBANIA se movio a: (0, 4)
ALBANIA intentando moverse
ALBANIA se movio a: (0, 4)
ALBANIA intentando moverse
ALBANIA se movio a: (0, 4)
ALBANIA intentando moverse
ALBANIA se movio a: (0, 5)
ALBANIA intentando moverse
ALBANIA se movio a: (0, 5)
ALBANIA intentando moverse
ALBANIA se movio a: (0, 5)
ALBANIA intentando moverse
ALBANIA se movio a: (0, 5)
ALBANIA intentando moverse
ALBANIA intentando moverse
ALBANIA intentando moverse
ALBANIA se movio a: (1, 5)
ALBANIA intentando moverse
ALBANIA se movio a: (1, 5)
ALBANIA se movio a: (1, 5)
ALBANIA se movio a: (0, 5)
ALBANIA intentando moverse
ALBANIA se movio a: (1, 5)
ALBANIA intentando moverse
ALBANIA se movio a: (1, 5)
ALBANIA intentando moverse
ALBANIA se movio a: (0, 0)
ALBANIA intentando moverse
ALBANIA se movio a: (0, 0)
ALBANIA intentando moverse
ALBANIA se movio a: (0, 0)
ALBANIA intentando moverse
ALBANIA se movio a: (0, 0)
ALBANIA intentando moverse
ALBANIA se movio a: (0, 0)
ALBANIA intentando moverse
ALBANIA se movio a: (0, 1)
ALBANIA intentando moverse
ALBANIA se movio a: (0, 1)
ALBANIA intentando moverse
ALBANIA se movio a: (0, 1)
ALBANIA intentando moverse
ALBANIA se movio a: (0, 1)
ALBANIA intentando moverse
ALBANIA se movio a: (0, 2)
ALBANIA intentando moverse
ALBANIA se movio a: (0, 1)
ALBANIA intentando moverse
ALBANIA se movio a: (0, 2)
ALBANIA intentando moverse
ALBANIA se movio a: (0, 2)
ALBANIA intentando moverse
ALBANIA se movio a: (0, 3)
ALBANIA intentando moverse
ALBANIA se movio a: (0, 2)
ALBANIA intentando moverse
ALBANIA se movio a: (0, 2)
ALBANIA intentando moverse
ALBANIA se movio a: (0, 3)
ALBANIA intentando moverse
ALBANIA se movio a: (0, 3)
ALBANIA intentando moverse
ALBANIA se movio a: (0, 3)
ALBANIA intentando moverse
ALBANIA se movio a: (0, 3)
ALBANIA intentando moverse
ALBANIA se movio a: (0, 4)
ALBANIA intentando moverse
ALBANIA se movio a: (0, 4)
ALBANIA intentando moverse
ALBANIA se movio a: (0, 4)
ALBANIA intentando moverse
ALBANIA se movio a: (0, 4)
ALBANIA intentando moverse
ALBANIA intentando moverse
ALBANIA intentando moverse
ALBANIA se movio a: (0, 5)
ALBANIA se movio a: (0, 5)
ALBANIA se movio a: (0, 4)
ALBANIA intentando moverse
ALBANIA se movio a: (0, 5)
ALBANIA intentando moverse
ALBANIA se movio a: (0, 5)
ALBANIA intentando moverse
ALBANIA se movio a: (0, 5)
ALBANIA intentando moverse
ALBANIA se movio a: (0, 0)
Esperando rescatista para poner sombrero a alumno.
Se desocupó un rescatista. Quedan 2 rescatistas desocupados.
Colocando sombrero!!!. Ya casi ALBANIA!
ALBANIA intentando moverse
ALBANIA se movio a: (0, 0)
ALBANIA intentando moverse
ALBANIA se movio a: (0, 0)
Esperando rescatista para poner sombrero a alumno.
Se desocupó un rescatista. Quedan 1 rescatistas desocupados.
Colocando sombrero!!!. Ya casi ALBANIA!
Esperando rescatista para poner sombrero a alumno.
Se desocupó un rescatista. Quedan 0 rescatistas desocupados.
Colocando sombrero!!!. Ya casi ALBANIA!
ALBANIA intentando moverse
ALBANIA se movio a: (0, 0)
Esperando rescatista para poner sombrero a alumno.
ALBANIA intentando moverse
ALBANIA se movio a: (0, 0)
ALBANIA intentando moverse
ALBANIA se movio a: (0, 0)
ALBANIA intentando moverse
ALBANIA se movio a: (0, 0)
Esperando rescatista para poner sombrero a alumno.
ALBANIA intentando moverse
ALBANIA se movio a: (0, 0)
ALBANIA intentando moverse
ALBANIA se movio a: (0, 0)
ALBANIA intentando moverse
ALBANIA se movio a: (0, 0)
ALBANIA intentando moverse
ALBANIA se movio a: (0, 1)
ALBANIA intentando moverse
ALBANIA se movio a: (0, 1)
ALBANIA intentando moverse
ALBANIA se movio a: (0, 1)
ALBANIA intentando moverse
ALBANIA se movio a: (0, 2)
ALBANIA intentando moverse
ALBANIA se movio a: (0, 1)
ALBANIA intentando moverse
ALBANIA se movio a: (0, 1)
ALBANIA intentando moverse
ALBANIA se movio a: (0, 2)
ALBANIA intentando moverse
ALBANIA se movio a: (0, 2)
ALBANIA intentando moverse
ALBANIA se movio a: (0, 2)
ALBANIA intentando moverse
ALBANIA se movio a: (0, 2)
ALBANIA intentando moverse
ALBANIA se movio a: (0, 3)
ALBANIA intentando moverse
ALBANIA se movio a: (0, 3)
ALBANIA intentando moverse
ALBANIA se movio a: (0, 3)
ALBANIA intentando moverse
ALBANIA se movio a: (0, 3)
ALBANIA intentando moverse
ALBANIA se movio a: (0, 4)
ALBANIA intentando moverse
ALBANIA se movio a: (0, 4)
ALBANIA intentando moverse
ALBANIA se movio a: (0, 4)
ALBANIA intentando moverse
ALBANIA se movio a: (0, 4)
ALBANIA intentando moverse
ALBANIA se movio a: (0, 3)
ALBANIA intentando moverse
ALBANIA se movio a: (0, 4)
ALBANIA intentando moverse
ALBANIA se movio a: (0, 0)
Esperando rescatista para poner sombrero a alumno.
ALBANIA intentando moverse
ALBANIA se movio a: (0, 0)
Esperando rescatista para poner sombrero a alumno.
ALBANIA intentando moverse
ALBANIA se movio a: (0, 0)
Esperando rescatista para poner sombrero a alumno.
ALBANIA intentando moverse
ALBANIA se movio a: (0, 0)
Esperando rescatista para poner sombrero a alumno.
ALBANIA intentando moverse
ALBANIA se movio a: (0, 0)
Esperando rescatista para poner sombrero a alumno.
ALBANIA intentando moverse
ALBANIA se movio a: (0, 0)
ALBANIA intentando moverse
ALBANIA se movio a: (0, 0)
ALBANIA intentando moverse
ALBANIA se movio a: (0, 0)
ALBANIA intentando moverse
ALBANIA se movio a: (0, 1)
ALBANIA intentando moverse
ALBANIA se movio a: (0, 0)
ALBANIA intentando moverse
ALBANIA se movio a: (0, 0)
ALBANIA intentando moverse
ALBANIA se movio a: (0, 1)
ALBANIA intentando moverse
ALBANIA se movio a: (0, 1)
ALBANIA intentando moverse
ALBANIA se movio a: (0, 1)
ALBANIA intentando moverse
ALBANIA se movio a: (0, 1)
ALBANIA intentando moverse
ALBANIA se movio a: (0, 2)
ALBANIA intentando moverse
ALBANIA se movio a: (0, 2)
ALBANIA intentando moverse
ALBANIA se movio a: (0, 2)
ALBANIA intentando moverse
ALBANIA se movio a: (0, 2)
ALBANIA intentando moverse
ALBANIA se movio a: (0, 3)
ALBANIA intentando moverse
ALBANIA se movio a: (0, 3)
ALBANIA intentando moverse
ALBANIA se movio a: (0, 3)
ALBANIA intentando moverse
ALBANIA se movio a: (0, 3)
ALBANIA intentando moverse
ALBANIA se movio a: (0, 2)
ALBANIA intentando moverse
ALBANIA se movio a: (0, 3)
ALBANIA intentando moverse
ALBANIA se movio a: (0, 0)
Esperando rescatista para poner sombrero a alumno.
ALBANIA intentando moverse
ALBANIA se movio a: (0, 0)
Esperando rescatista para poner sombrero a alumno.
ALBANIA intentando moverse
ALBANIA se movio a: (0, 0)
Esperando rescatista para poner sombrero a alumno.
ALBANIA intentando moverse
ALBANIA se movio a: (0, 0)
ALBANIA intentando moverse
ALBANIA se movio a: (0, 0)
Esperando rescatista para poner sombrero a alumno.
ALBANIA intentando moverse
ALBANIA se movio a: (0, 0)
Esperando rescatista para poner sombrero a alumno.
ALBANIA intentando moverse
ALBANIA se movio a: (0, 0)
ALBANIA intentando moverse
ALBANIA se movio a: (0, 0)
ALBANIA intentando moverse
ALBANIA se movio a: (0, 0)
ALBANIA intentando moverse
ALBANIA se movio a: (0, 0)
ALBANIA intentando moverse
ALBANIA se movio a: (0, 1)
ALBANIA intentando moverse
ALBANIA se movio a: (0, 1)
ALBANIA intentando moverse
ALBANIA se movio a: (0, 1)
ALBANIA intentando moverse
ALBANIA se movio a: (0, 1)
ALBANIA intentando moverse
ALBANIA se movio a: (0, 2)
ALBANIA intentando moverse
ALBANIA se movio a: (0, 2)
ALBANIA intentando moverse
ALBANIA se movio a: (0, 1)
ALBANIA intentando moverse
ALBANIA se movio a: (0, 2)
ALBANIA intentando moverse
ALBANIA se movio a: (0, 2)
ALBANIA intentando moverse
ALBANIA se movio a: (0, 2)
ALBANIA intentando moverse
ALBANIA se movio a: (0, 0)
Esperando rescatista para poner sombrero a alumno.
ALBANIA intentando moverse
ALBANIA se movio a: (0, 0)
Esperando rescatista para poner sombrero a alumno.
ALBANIA intentando moverse
ALBANIA se movio a: (0, 0)
Esperando rescatista para poner sombrero a alumno.
ALBANIA intentando moverse
ALBANIA se movio a: (0, 0)
Esperando rescatista para poner sombrero a alumno.
ALBANIA intentando moverse
ALBANIA se movio a: (0, 0)
Esperando rescatista para poner sombrero a alumno.
ALBANIA intentando moverse
ALBANIA se movio a: (0, 0)
ALBANIA intentando moverse
ALBANIA se movio a: (0, 0)
ALBANIA intentando moverse
ALBANIA se movio a: (0, 0)
ALBANIA intentando moverse
ALBANIA se movio a: (0, 0)
ALBANIA intentando moverse
ALBANIA se movio a: (0, 1)
ALBANIA intentando moverse
ALBANIA se movio a: (0, 1)
ALBANIA intentando moverse
ALBANIA se movio a: (0, 1)
ALBANIA intentando moverse
ALBANIA se movio a: (0, 0)
ALBANIA intentando moverse
ALBANIA se movio a: (0, 1)
ALBANIA intentando moverse
ALBANIA se movio a: (0, 1)
ALBANIA intentando moverse
ALBANIA se movio a: (0, 0)
Esperando rescatista para poner sombrero a alumno.
ALBANIA intentando moverse
ALBANIA se movio a: (0, 0)
Esperando rescatista para poner sombrero a alumno.
ALBANIA intentando moverse
ALBANIA se movio a: (0, 0)
Esperando rescatista para poner sombrero a alumno.
ALBANIA intentando moverse
ALBANIA se movio a: (0, 0)
Esperando rescatista para poner sombrero a alumno.
ALBANIA intentando moverse
ALBANIA se movio a: (0, 0)
ALBANIA intentando moverse
ALBANIA se movio a: (0, 0)
ALBANIA intentando moverse
ALBANIA se movio a: (0, 0)
ALBANIA intentando moverse
ALBANIA se movio a: (0, 0)
ALBANIA intentando moverse
ALBANIA se movio a: (0, 1)
ALBANIA intentando moverse
ALBANIA se movio a: (0, 0)
Esperando rescatista para poner sombrero a alumno.
ALBANIA intentando moverse
ALBANIA se movio a: (0, 0)
Esperando rescatista para poner sombrero a alumno.
ALBANIA intentando moverse
ALBANIA se movio a: (0, 0)
Esperando rescatista para poner sombrero a alumno.
ALBANIA intentando moverse
ALBANIA se movio a: (0, 0)
Esperando rescatista para poner sombrero a alumno.
ALBANIA intentando moverse
ALBANIA se movio a: (0, 0)
ALBANIA intentando moverse
ALBANIA se movio a: (0, 0)
Esperando rescatista para poner sombrero a alumno.
ALBANIA intentando moverse
ALBANIA se movio a: (0, 0)
Esperando rescatista para poner sombrero a alumno.
Ya se le colocó el sombrero a ALBANIA!
Se colocó el sombrero al alumno.
Quedan 1 rescatistas desocupados.
Liberando al alumno...
Quedan 29 personas en el aula
Hay 1 alumnos libres.
Esperando alumnos libres (1/5)
Se desocupó un rescatista. Quedan 0 rescatistas desocupados.
Colocando sombrero!!!. Ya casi ALBANIA!
Ya se le colocó el sombrero a ALBANIA!
Se colocó el sombrero al alumno.
Ya se le colocó el sombrero a ALBANIA!
Se colocó el sombrero al alumno.
Quedan 1 rescatistas desocupados.
Liberando al alumno...
Quedan 28 personas en el aula
Hay 2 alumnos libres.
Esperando alumnos libres (2/5)
Quedan 2 rescatistas desocupados.
Liberando al alumno...
Quedan 27 personas en el aula
Esperando alumnos libres (3/5)
Se desocupó un rescatista. Quedan 1 rescatistas desocupados.
Esperando alumnos libres (3/5)
Hay 3 alumnos libres.
Esperando alumnos libres (3/5)
Colocando sombrero!!!. Ya casi ALBANIA!
Se desocupó un rescatista. Quedan 0 rescatistas desocupados.
Colocando sombrero!!!. Ya casi ALBANIA!
Ya se le colocó el sombrero a ALBANIA!
Se colocó el sombrero al alumno.
Quedan 1 rescatistas desocupados.
Liberando al alumno...
Quedan 26 personas en el aula
Hay 4 alumnos libres.
Esperando alumnos libres (4/5)
Esperando alumnos libres (4/5)
Se desocupó un rescatista. Quedan 0 rescatistas desocupados.
Colocando sombrero!!!. Ya casi ALBANIA!
Ya se le colocó el sombrero a ALBANIA!
Se colocó el sombrero al alumno.
Quedan 1 rescatistas desocupados.
Ya se le colocó el sombrero a ALBANIA!
Se colocó el sombrero al alumno.
Quedan 2 rescatistas desocupados.
Liberando al alumno...
Liberando al alumno...
Quedan 25 personas en el aula
Quedan 25 personas en el aula
Hay 6 alumnos libres.
Se formó un grupo de 5 alumnos...
Saliendo 5/5...
Hay 1 alumnos libres.
Saliendo 4/5...
Saliendo 3/5...
Se desocupó un rescatista. Quedan 1 rescatistas desocupados.
Colocando sombrero!!!. Ya casi ALBANIA!
Listo, ALBANIA es libre!
Listo, ALBANIA es libre!
Saliendo 2/5...
Listo, ALBANIA es libre!
Listo, ALBANIA es libre!
Se desocupó un rescatista. Quedan 0 rescatistas desocupados.
Colocando sombrero!!!. Ya casi ALBANIA!
Saliendo 1/5...
Listo, ALBANIA es libre!
Esperando alumnos libres (1/5)
Ya se le colocó el sombrero a ALBANIA!
Se colocó el sombrero al alumno.
Quedan 1 rescatistas desocupados.
Liberando al alumno...
Quedan 24 personas en el aula
Hay 2 alumnos libres.
Esperando alumnos libres (2/5)
Se desocupó un rescatista. Quedan 0 rescatistas desocupados.
Esperando alumnos libres (2/5)
Colocando sombrero!!!. Ya casi ALBANIA!
Ya se le colocó el sombrero a ALBANIA!
Se colocó el sombrero al alumno.
Quedan 1 rescatistas desocupados.
Liberando al alumno...
Quedan 23 personas en el aula
Hay 3 alumnos libres.
Esperando alumnos libres (3/5)
Esperando alumnos libres (3/5)
Se desocupó un rescatista. Quedan 0 rescatistas desocupados.
Colocando sombrero!!!. Ya casi ALBANIA!
Ya se le colocó el sombrero a ALBANIA!
Se colocó el sombrero al alumno.
Quedan 1 rescatistas desocupados.
Liberando al alumno...
Quedan 22 personas en el aula
Hay 4 alumnos libres.
Esperando alumnos libres (4/5)
Esperando alumnos libres (4/5)
Se desocupó un rescatista. Quedan 0 rescatistas desocupados.
Colocando sombrero!!!. Ya casi ALBANIA!
Ya se le colocó el sombrero a ALBANIA!
Se colocó el sombrero al alumno.
Quedan 1 rescatistas desocupados.
Liberando al alumno...
Quedan 21 personas en el aula
Hay 5 alumnos libres.
Se formó un grupo de 5 alumnos...
Saliendo 5/5...
Listo, ALBANIA es libre!
Se desocupó un rescatista. Quedan 0 rescatistas desocupados.
Colocando sombrero!!!. Ya casi ALBANIA!
Saliendo 4/5...
Listo, ALBANIA es libre!
Saliendo 3/5...
Listo, ALBANIA es libre!
Saliendo 2/5...
Listo, ALBANIA es libre!
Saliendo 1/5...
Listo, ALBANIA es libre!
Ya se le colocó el sombrero a ALBANIA!
Se colocó el sombrero al alumno.
Quedan 1 rescatistas desocupados.
Liberando al alumno...
Quedan 20 personas en el aula
Hay 1 alumnos libres.
Esperando alumnos libres (1/5)
Se desocupó un rescatista. Quedan 0 rescatistas desocupados.
Colocando sombrero!!!. Ya casi ALBANIA!
Ya se le colocó el sombrero a ALBANIA!
Se colocó el sombrero al alumno.
Quedan 1 rescatistas desocupados.
Liberando al alumno...
Quedan 19 personas en el aula
Hay 2 alumnos libres.
Esperando alumnos libres (2/5)
Esperando alumnos libres (2/5)
Se desocupó un rescatista. Quedan 0 rescatistas desocupados.
Colocando sombrero!!!. Ya casi ALBANIA!
Ya se le colocó el sombrero a ALBANIA!
Se colocó el sombrero al alumno.
Quedan 1 rescatistas desocupados.
Liberando al alumno...
Quedan 18 personas en el aula
Hay 3 alumnos libres.
Esperando alumnos libres (3/5)
Esperando alumnos libres (3/5)
Se desocupó un rescatista. Quedan 0 rescatistas desocupados.
Colocando sombrero!!!. Ya casi ALBANIA!
Ya se le colocó el sombrero a ALBANIA!
Se colocó el sombrero al alumno.
Quedan 1 rescatistas desocupados.
Liberando al alumno...
Quedan 17 personas en el aula
Hay 4 alumnos libres.
Esperando alumnos libres (4/5)
Esperando alumnos libres (4/5)
Se desocupó un rescatista. Quedan 0 rescatistas desocupados.
Colocando sombrero!!!. Ya casi ALBANIA!
Ya se le colocó el sombrero a ALBANIA!
Se colocó el sombrero al alumno.
Quedan 1 rescatistas desocupados.
Liberando al alumno...
Quedan 16 personas en el aula
Hay 5 alumnos libres.
Se formó un grupo de 5 alumnos...
Saliendo 5/5...
Listo, ALBANIA es libre!
Saliendo 4/5...
Saliendo 3/5...
Listo, ALBANIA es libre!
Listo, ALBANIA es libre!
Saliendo 2/5...
Listo, ALBANIA es libre!
Se desocupó un rescatista. Quedan 0 rescatistas desocupados.
Colocando sombrero!!!. Ya casi ALBANIA!
Saliendo 1/5...
Listo, ALBANIA es libre!
Ya se le colocó el sombrero a ALBANIA!
Se colocó el sombrero al alumno.
Quedan 1 rescatistas desocupados.
Liberando al alumno...
Quedan 15 personas en el aula
Hay 1 alumnos libres.
Esperando alumnos libres (1/5)
Se desocupó un rescatista. Quedan 0 rescatistas desocupados.
Colocando sombrero!!!. Ya casi ALBANIA!
Ya se le colocó el sombrero a ALBANIA!
Se colocó el sombrero al alumno.
Quedan 1 rescatistas desocupados.
Liberando al alumno...
Quedan 14 personas en el aula
Hay 2 alumnos libres.
Esperando alumnos libres (2/5)
Esperando alumnos libres (2/5)
Se desocupó un rescatista. Quedan 0 rescatistas desocupados.
Colocando sombrero!!!. Ya casi ALBANIA!
Ya se le colocó el sombrero a ALBANIA!
Se colocó el sombrero al alumno.
Quedan 1 rescatistas desocupados.
Liberando al alumno...
Quedan 13 personas en el aula
Hay 3 alumnos libres.
Esperando alumnos libres (3/5)
Se desocupó un rescatista. Quedan 0 rescatistas desocupados.
Colocando sombrero!!!. Ya casi ALBANIA!
Esperando alumnos libres (3/5)
Ya se le colocó el sombrero a ALBANIA!
Se colocó el sombrero al alumno.
Quedan 1 rescatistas desocupados.
Liberando al alumno...
Quedan 12 personas en el aula
Hay 4 alumnos libres.
Esperando alumnos libres (4/5)
Se desocupó un rescatista. Quedan 0 rescatistas desocupados.
Esperando alumnos libres (4/5)
Colocando sombrero!!!. Ya casi ALBANIA!
Ya se le colocó el sombrero a ALBANIA!
Se colocó el sombrero al alumno.
Quedan 1 rescatistas desocupados.
Liberando al alumno...
Quedan 11 personas en el aula
Hay 5 alumnos libres.
Se formó un grupo de 5 alumnos...
Saliendo 5/5...
Listo, ALBANIA es libre!
Saliendo 4/5...
Listo, ALBANIA es libre!
Se desocupó un rescatista. Quedan 0 rescatistas desocupados.
Colocando sombrero!!!. Ya casi ALBANIA!
Saliendo 3/5...
Saliendo 2/5...
Saliendo 1/5...
Listo, ALBANIA es libre!
Listo, ALBANIA es libre!
Listo, ALBANIA es libre!
